2023.06.26 14:54:03 INFO  Started: Metals version 0.11.12 in workspace '/Users/mmirandi/Desktop/Learning/Scala/scala-learning' for client Visual Studio Code 1.73.1.
Jun 26, 2023 2:54:03 PM org.flywaydb.core.internal.license.VersionPrinter printVersionOnly
INFO: Flyway Community Edition 9.16.3 by Redgate
Jun 26, 2023 2:54:03 PM org.flywaydb.core.internal.license.VersionPrinter printVersion
INFO: See release notes here: https://rd.gt/416ObMi
Jun 26, 2023 2:54:03 PM org.flywaydb.core.internal.license.VersionPrinter printVersion
INFO: 
Jun 26, 2023 2:54:03 PM org.flywaydb.core.internal.database.base.BaseDatabaseType createDatabase
INFO: Database: jdbc:h2:file:/Users/mmirandi/Desktop/Learning/Scala/scala-learning/.metals/metals (H2 2.1)
Jun 26, 2023 2:54:03 PM org.flywaydb.core.internal.schemahistory.JdbcTableSchemaHistory allAppliedMigrations
INFO: Schema history table "PUBLIC"."flyway_schema_history" does not exist yet
Jun 26, 2023 2:54:03 PM org.flywaydb.core.internal.command.DbValidate validate
INFO: Successfully validated 4 migrations (execution time 00:00.006s)
Jun 26, 2023 2:54:03 PM org.flywaydb.core.internal.schemahistory.JdbcTableSchemaHistory create
INFO: Creating Schema History table "PUBLIC"."flyway_schema_history" ...
Jun 26, 2023 2:54:03 PM org.flywaydb.core.internal.command.DbMigrate migrateGroup
INFO: Current version of schema "PUBLIC": << Empty Schema >>
Jun 26, 2023 2:54:03 PM org.flywaydb.core.internal.command.DbMigrate doMigrateGroup
INFO: Migrating schema "PUBLIC" to version "1 - Create tables"
Jun 26, 2023 2:54:03 PM org.flywaydb.core.internal.command.DbMigrate doMigrateGroup
INFO: Migrating schema "PUBLIC" to version "2 - Server discovery"
Jun 26, 2023 2:54:03 PM org.flywaydb.core.internal.command.DbMigrate doMigrateGroup
INFO: Migrating schema "PUBLIC" to version "3 - Jar symbols"
Jun 26, 2023 2:54:03 PM org.flywaydb.core.internal.command.DbMigrate doMigrateGroup
INFO: Migrating schema "PUBLIC" to version "4 - Fingerprints"
Jun 26, 2023 2:54:03 PM org.flywaydb.core.internal.command.DbMigrate logSummary
INFO: Successfully applied 4 migrations to schema "PUBLIC", now at version v4 (execution time 00:00.024s)
2023.06.26 14:54:03 INFO  time: initialize in 0.33s
2023.06.26 14:54:04 WARN  Build server is not auto-connectable.
2023.06.26 14:54:04 WARN  no build tool detected in workspace '/Users/mmirandi/Desktop/Learning/Scala/scala-learning'. The most common cause for this problem is that the editor was opened in the wrong working directory, for example if you use sbt then the workspace directory should contain build.sbt. 
2023.06.26 14:54:04 WARN  no build target for: /Users/mmirandi/Desktop/Learning/Scala/scala-learning/std_lib/12_case_classes/case_classes.scala
2023.06.26 14:54:06 INFO  no build target found for /Users/mmirandi/Desktop/Learning/Scala/scala-learning/std_lib/12_case_classes/case_classes.scala. Using presentation compiler with project's scala-library version: 3.2.2
2023.06.26 14:54:07 INFO  time: code lens generation in 2.73s
2023.06.26 14:56:24 WARN  no build target for: /Users/mmirandi/Desktop/Learning/Scala/scala-learning/std_lib/12_case_classes/case_classes.scala
2023.06.26 14:56:58 WARN  no build target for: /Users/mmirandi/Desktop/Learning/Scala/scala-learning/std_lib/12_case_classes/case_classes.scala
2023.06.26 14:57:07 WARN  no build target for: /Users/mmirandi/Desktop/Learning/Scala/scala-learning/std_lib/12_case_classes/case_classes.scala
2023.06.26 14:57:54 WARN  no build target for: /Users/mmirandi/Desktop/Learning/Scala/scala-learning/std_lib/12_case_classes/case_classes.scala
2023.06.26 15:00:02 WARN  no build target for: /Users/mmirandi/Desktop/Learning/Scala/scala-learning/std_lib/12_case_classes/case_classes.scala
2023.06.26 15:00:08 WARN  no build target for: /Users/mmirandi/Desktop/Learning/Scala/scala-learning/std_lib/12_case_classes/case_classes.scala
2023.06.26 15:02:32 WARN  no build target for: /Users/mmirandi/Desktop/Learning/Scala/scala-learning/std_lib/12_case_classes/case_classes.scala
2023.06.26 15:02:52 WARN  no build target for: /Users/mmirandi/Desktop/Learning/Scala/scala-learning/std_lib/12_case_classes/case_classes.scala
2023.06.26 15:07:05 WARN  no build target for: /Users/mmirandi/Desktop/Learning/Scala/scala-learning/std_lib/12_case_classes/case_classes.scala
2023.06.26 15:07:59 WARN  no build target for: /Users/mmirandi/Desktop/Learning/Scala/scala-learning/std_lib/12_case_classes/case_classes.scala
2023.06.26 15:08:40 WARN  no build target for: /Users/mmirandi/Desktop/Learning/Scala/scala-learning/std_lib/12_case_classes/case_classes.scala
2023.06.26 15:08:56 WARN  no build target for: /Users/mmirandi/Desktop/Learning/Scala/scala-learning/std_lib/12_case_classes/case_classes.scala
2023.06.26 15:10:44 WARN  no build target for: /Users/mmirandi/Desktop/Learning/Scala/scala-learning/std_lib/12_case_classes/case_classes.scala
2023.06.26 15:13:33 WARN  no build target for: /Users/mmirandi/Desktop/Learning/Scala/scala-learning/std_lib/12_case_classes/case_classes.scala
2023.06.26 15:13:45 WARN  no build target for: /Users/mmirandi/Desktop/Learning/Scala/scala-learning/std_lib/12_case_classes/case_classes.scala
